********************************************************************************
DUPLICATOR-LITE PACKAGE-LOG: 19 June, 2018 9:35 am
NOTICE: Do NOT post to public sites or forums 
********************************************************************************
VERSION:	1.2.40
WORDPRESS:	4.9.6
PHP INFO:	5.6.36 | SAPI: apache2handler
SERVER:		Apache/2.4.33 (Win32) OpenSSL/1.0.2o PHP/5.6.36 
PHP TIME LIMIT: (0) no time limit imposed 
PHP MAX MEMORY: 2048M (256M default) 
MEMORY STACK: 47.75MB 

********************************************************************************
DATABASE:
********************************************************************************
BUILD MODE:   MYSQLDUMP
MYSQLTIMEOUT: 5000
MYSQLDUMP:    Is Supported 
FILTERED: [] 
RESPONSE: Ran from C:/xampp/mysql/bin/mysqldump.exe 
TABLES: total:29 | filtered:0 | create:29 
SQL CREATED: 20180611_duocpham_v3_46afae9e2ff0290a6297180619093449_database.sql 
SQL FILE SIZE: 1.06MB (1111863) 
SQL FILE TIME: 2018-06-19 09:35:14 
SQL RUNTIME: 0.40 sec. 

******************************************************************************** 
ARCHIVE (ZIP): 
******************************************************************************** 
ARCHIVE DIR:  C:/xampp/htdocs/duoc 
ARCHIVE FILE: 20180611_duocpham_v3_46afae9e2ff0290a6297180619093449_archive.zip 
FILTERS: *OFF* 
DIRS:
	not set 
FILES:
	not set 
EXTS:  not set 
---------------------------------------- 
COMPRESSING 
SIZE:	121.96MB 
STATS:	Dirs 1,173 | Files 9,427 
SQL ADDED: 20180611_duocpham_v3_46afae9e2ff0290a6297180619093449_database.sql 
ZipArchive Object
(
    [status] => 0
    [statusSys] => 0
    [numFiles] => 10600
    [filename] => C:\xampp\htdocs\duoc\wp-snapshots\tmp\20180611_duocpham_v3_46afae9e2ff0290a6297180619093449_archive.zip
    [comment] => 
)
 
COMPRESSION RESULT: '1' 
COMPRESSED SIZE: 51.49MB 
ARCHIVE RUNTIME: 56.92 sec. 
MEMORY STACK: 50.75MB 

******************************************************************************** 
MAKE INSTALLER: 
******************************************************************************** 
Build Start 
Build Finished 
Preping for use 
PACK SIZE:  
Template parsed with new data 
Complete [C:/xampp/htdocs/duoc/wp-snapshots/tmp/20180611_duocpham_v3_46afae9e2ff0290a6297180619093449_installer.php] 
Added to archive 

******************************************************************************** 
INTEGRITY CHECKS: 
******************************************************************************** 
SQL File: 1.06MB 
Installer File: 445.88KB 
Archive File: 51.49MB  

********************************************************************************
RECORD ID:[4]
TOTAL PROCESS RUNTIME: 58.18 sec.
PEAK PHP MEMORY USED: 53MB
DONE PROCESSING => 20180611_duocpham_v3 19 June, 2018 9:36 am
 
