********************************************************************************
DUPLICATOR-LITE PACKAGE-LOG: 19 June, 2018 9:09 am
NOTICE: Do NOT post to public sites or forums 
********************************************************************************
VERSION:	1.2.40
WORDPRESS:	4.9.6
PHP INFO:	5.6.36 | SAPI: apache2handler
SERVER:		Apache/2.4.33 (Win32) OpenSSL/1.0.2o PHP/5.6.36 
PHP TIME LIMIT: (0) no time limit imposed 
PHP MAX MEMORY: 2048M (256M default) 
MEMORY STACK: 48MB 

********************************************************************************
DATABASE:
********************************************************************************
BUILD MODE:   MYSQLDUMP
MYSQLTIMEOUT: 5000
MYSQLDUMP:    Is Supported 
FILTERED: [] 
RESPONSE: Ran from C:/xampp/mysql/bin/mysqldump.exe 
TABLES: total:29 | filtered:0 | create:29 
SQL CREATED: 20180611_duocpham_v2_7fbc9a5049a1130f8040180619090907_database.sql 
SQL FILE SIZE: 1.05MB (1104185) 
SQL FILE TIME: 2018-06-19 09:09:34 
SQL RUNTIME: 0.57 sec. 

******************************************************************************** 
ARCHIVE (ZIP): 
******************************************************************************** 
ARCHIVE DIR:  C:/xampp/htdocs/duoc 
ARCHIVE FILE: 20180611_duocpham_v2_7fbc9a5049a1130f8040180619090907_archive.zip 
FILTERS: *OFF* 
DIRS:
	not set 
FILES:
	not set 
EXTS:  not set 
---------------------------------------- 
COMPRESSING 
SIZE:	121.92MB 
STATS:	Dirs 1,170 | Files 9,413 
SQL ADDED: 20180611_duocpham_v2_7fbc9a5049a1130f8040180619090907_database.sql 
ZipArchive Object
(
    [status] => 0
    [statusSys] => 0
    [numFiles] => 10583
    [filename] => C:\xampp\htdocs\duoc\wp-snapshots\tmp\20180611_duocpham_v2_7fbc9a5049a1130f8040180619090907_archive.zip
    [comment] => 
)
 
COMPRESSION RESULT: '1' 
COMPRESSED SIZE: 51.47MB 
ARCHIVE RUNTIME: 81.00 sec. 
MEMORY STACK: 51MB 

******************************************************************************** 
MAKE INSTALLER: 
******************************************************************************** 
Build Start 
Build Finished 
Preping for use 
PACK SIZE:  
Template parsed with new data 
Complete [C:/xampp/htdocs/duoc/wp-snapshots/tmp/20180611_duocpham_v2_7fbc9a5049a1130f8040180619090907_installer.php] 
Added to archive 

******************************************************************************** 
INTEGRITY CHECKS: 
******************************************************************************** 
SQL File: 1.05MB 
Installer File: 445.88KB 
Archive File: 51.47MB  

********************************************************************************
RECORD ID:[3]
TOTAL PROCESS RUNTIME: 82.87 sec.
PEAK PHP MEMORY USED: 53MB
DONE PROCESSING => 20180611_duocpham_v2 19 June, 2018 9:10 am
 
